2016/06/26 18:52:55 - [ERROR] '/mnt/Staff_fs/falkowskc.tar.gz' is a file, skipping...

2016/06/26 18:52:55 - [ERROR] '/mnt/Staff_fs/fanellik.tar.gz' is a file, skipping...

2016/06/26 18:52:55 - [ERROR] '/mnt/Staff_fs/farnsworm.tar.gz' is a file, skipping...

2016/06/26 18:52:55 - [ERROR] '/mnt/Staff_fs/ferrantij.tar.gz' is a file, skipping...

2016/06/26 18:52:55 - [ERROR] '/mnt/Staff_fs/filecciam.tar.gz' is a file, skipping...

2016/06/26 18:52:55 - [ERROR] '/mnt/Staff_fs/finkk.tar.gz' is a file, skipping...

ERROR: Failed to parse Content-Range header.
2016/06/26 18:59:20 - [ERROR] Cannot upload '/mnt/Staff_fs/faesj/Desktop/Computer_Public/My Amazing Human Body': File is empty.
ERROR: Failed to parse Content-Range header.
2016/06/26 19:00:02 - [ERROR] Cannot upload '/mnt/Staff_fs/faesj/Desktop/Documents/Icon': File is empty.
ERROR: Failed to parse Content-Range header.
2016/06/26 19:00:44 - [ERROR] Cannot upload '/mnt/Staff_fs/faesj/Desktop/Documents/Shared Documents': File is empty.
ERROR: Failed to parse Content-Range header.
2016/06/26 19:02:29 - [ERROR] Cannot upload '/mnt/Staff_fs/faesj/Desktop/http-mea.learnportals.com.webloc': File is empty.
ERROR: Failed to parse Content-Range header.
2016/06/26 19:34:12 - [ERROR] Cannot upload '/mnt/Staff_fs/faesj/Desktop copy/Computer_Public/My Amazing Human Body': File is empty.
Temp error userRateLimitExceeded. Backing off 16 seconds...attempt 5/10
ERROR: Failed to parse Content-Range header.
2016/06/26 19:56:19 - [ERROR] Cannot upload '/mnt/Staff_fs/farmerr/Desktop/Shelters/5th Grade Science/2012 Spect Science Video/Kopp2012Show.m4v': File is empty.
2016/06/26 20:05:28 - [ERROR] 'fastd' is not a valid user. Skipping...

2016/06/26 20:05:29 - [ERROR] 'fastl' is not a valid user. Skipping...

2016/06/26 20:05:29 - [ERROR] 'felicef' is not a valid user. Skipping...

ERROR: Failed to parse Content-Range header.
2016/06/26 20:09:17 - [ERROR] Cannot upload '/mnt/Staff_fs/ferdab/Desktop/ InfoCentre In-Hand/Palm Desktop Installer/Installer': File is empty.
ERROR: Failed to parse Content-Range header.
2016/06/26 20:11:28 - [ERROR] Cannot upload '/mnt/Staff_fs/ferdab/Desktop/2013 desktop/2012 desktop/Gerisch/mary card': File is empty.
ERROR: Failed to parse Content-Range header.
2016/06/26 20:22:15 - [ERROR] Cannot upload '/mnt/Staff_fs/ferrantes/Desktop/Untitled clipping.textClipping': File is empty.
ERROR: Failed to parse Content-Range header.
2016/06/26 20:25:43 - [ERROR] Cannot upload '/mnt/Staff_fs/ferrantes1/Documents/Group Shared ƒ': File is empty.
ERROR: Failed to parse Content-Range header.
2016/06/26 20:25:44 - [ERROR] Cannot upload '/mnt/Staff_fs/ferrantes1/Documents/Icon': File is empty.
ERROR: Failed to parse Content-Range header.
2016/06/26 20:26:09 - [ERROR] Cannot upload '/mnt/Staff_fs/ferrantes1/Documents/Shared Documents': File is empty.
ERROR: Failed to parse Content-Range header.
2016/06/26 20:26:12 - [ERROR] Cannot upload '/mnt/Staff_fs/ferrantes1/Music/iTunes/Album Artwork/Remote/99774E6195215FA2/Sentinel': File is empty.
ERROR: Failed to parse Content-Range header.
2016/06/26 20:29:58 - [ERROR] Cannot upload '/mnt/Staff_fs/ferrerac/Desktop/Computer_Public/GRG': File is empty.
ERROR: Failed to parse Content-Range header.
2016/06/26 20:30:50 - [ERROR] Cannot upload '/mnt/Staff_fs/ferrerac/Desktop/Computer_Public/Macintosh HD': File is empty.
2016/06/26 20:31:43 - [ERROR] Cannot upload '/mnt/Staff_fs/ferrerac/Desktop/dsqe.1w3`.doc': Unknown error. File possibly is locked.
ERROR: Failed to parse Content-Range header.
2016/06/26 20:36:08 - [ERROR] Cannot upload '/mnt/Staff_fs/ferrerac/Documents/Desktop Folder': File is empty.
ERROR: Failed to parse Content-Range header.
2016/06/26 20:39:26 - [ERROR] Cannot upload '/mnt/Staff_fs/ferrerac/Documents/Graphs/Experiment': File is empty.
ERROR: Failed to parse Content-Range header.
2016/06/26 20:44:30 - [ERROR] Cannot upload '/mnt/Staff_fs/ferrerac/Documents/Icon': File is empty.
ERROR: Failed to parse Content-Range header.
2016/06/26 20:45:27 - [ERROR] Cannot upload '/mnt/Staff_fs/ferrerac/Documents/Shared Documents': File is empty.
ERROR: Failed to parse Content-Range header.
2016/06/26 20:48:04 - [ERROR] Cannot upload '/mnt/Staff_fs/ferrerac/Documents/Time Timer Folder/Icon': File is empty.
Temp error userRateLimitExceeded. Backing off 16 seconds...ERROR: Failed to parse Content-Range header.
2016/06/26 20:50:39 - [ERROR] Cannot upload '/mnt/Staff_fs/ferrerac/Public/Drop Box/honor roll': File is empty.
ERROR: Failed to parse Content-Range header.
2016/06/26 20:50:40 - [ERROR] Cannot upload '/mnt/Staff_fs/ferrerac/Public/Drop Box/Word Work File D_': File is empty.
ERROR: Failed to parse Content-Range header.
2016/06/26 20:50:41 - [ERROR] Cannot upload '/mnt/Staff_fs/ferrerac/SetFolderWritableFailed.txt': File is empty.
attempt 5/10
2016/06/26 20:52:10 - [ERROR] 'fisherj' is not a valid user. Skipping...

2016/06/26 20:52:10 - [ERROR] 'fisherja' is not a valid user. Skipping...

2016/06/26 20:52:11 - [ERROR] 'flechaj' is not a valid user. Skipping...

Temp error userRateLimitExceeded. Backing off 16 seconds...attempt 5/10
Temp error userRateLimitExceeded. Backing off 16 seconds...attempt 5/10
Temp error userRateLimitExceeded. Backing off 16 seconds...Temp error userRateLimitExceeded. Backing off 16 seconds...attempt 5/10
Temp error userRateLimitExceeded. Backing off 16 seconds...attempt 5/10
attempt 5/10
ERROR: Failed to parse Content-Range header.
2016/06/26 21:46:15 - [ERROR] Cannot upload '/mnt/Staff_fs/flowersc/Downloads/child labor': File is empty.
ERROR: Failed to parse Content-Range header.
2016/06/26 21:51:04 - [ERROR] Cannot upload '/mnt/Staff_fs/flowersc/Downloads/pablo picasso': File is empty.
2016/06/26 22:00:46 - [ERROR] 'flynna' is not a valid user. Skipping...

ERROR: Failed to parse Content-Range header.
2016/06/26 22:17:21 - [ERROR] Cannot upload '/mnt/Staff_fs/flynnr/Documents/Older Documents/Default.rdp': File is empty.
ERROR: Failed to parse Content-Range header.
2016/06/26 22:20:44 - [ERROR] Cannot upload '/mnt/Staff_fs/flynnr/Documents/Older Documents/MEMO-Amendments.doc': File is empty.
ERROR: Failed to parse Content-Range header.
2016/06/26 22:29:50 - [ERROR] Cannot upload '/mnt/Staff_fs/flynnr/Documents/Default.rdp': File is empty.
ERROR: Failed to parse Content-Range header.
2016/06/26 22:31:50 - [ERROR] Cannot upload '/mnt/Staff_fs/flynnr/Documents/desktop.ini': File is empty.
ERROR: Failed to parse Content-Range header.
2016/06/26 22:36:23 - [ERROR] Cannot upload '/mnt/Staff_fs/flynnr/Documents/MEMO-Amendments.doc': File is empty.
ERROR: Failed to parse Content-Range header.
2016/06/26 22:42:01 - [ERROR] Cannot upload '/mnt/Staff_fs/flynnr/Documents/Older Documents/Default.rdp': File is empty.
ERROR: Failed to parse Content-Range header.
2016/06/26 22:45:24 - [ERROR] Cannot upload '/mnt/Staff_fs/flynnr/Documents/Older Documents/MEMO-Amendments.doc': File is empty.
ERROR: Failed to parse Content-Range header.
2016/06/26 22:55:42 - [ERROR] Cannot upload '/mnt/Staff_fs/flynnr/My Documents/Older Documents/Default.rdp': File is empty.
Temp error userRateLimitExceeded. Backing off 16 seconds...ERROR: Failed to parse Content-Range header.
2016/06/26 22:57:24 - [ERROR] Cannot upload '/mnt/Staff_fs/flynnr/My Documents/Older Documents/desktop.ini': File is empty.
attempt 5/10
ERROR: Failed to parse Content-Range header.
2016/06/26 22:59:13 - [ERROR] Cannot upload '/mnt/Staff_fs/flynnr/My Documents/Older Documents/MEMO-Amendments.doc': File is empty.
ERROR: Failed to parse Content-Range header.
2016/06/26 23:08:12 - [ERROR] Cannot upload '/mnt/Staff_fs/flynnr/My Documents/Default.rdp': File is empty.
ERROR: Failed to parse Content-Range header.
2016/06/26 23:14:14 - [ERROR] Cannot upload '/mnt/Staff_fs/flynnr/My Documents/MEMO-Amendments.doc': File is empty.
ERROR: Failed to parse Content-Range header.
2016/06/26 23:19:30 - [ERROR] Cannot upload '/mnt/Staff_fs/flynnr/My Documents/Older Documents/Default.rdp': File is empty.
ERROR: Failed to parse Content-Range header.
2016/06/26 23:21:00 - [ERROR] Cannot upload '/mnt/Staff_fs/flynnr/My Documents/Older Documents/desktop.ini': File is empty.
ERROR: Failed to parse Content-Range header.
2016/06/26 23:22:25 - [ERROR] Cannot upload '/mnt/Staff_fs/flynnr/My Documents/Older Documents/MEMO-Amendments.doc': File is empty.
2016/06/26 23:27:53 - [ERROR] 'flynnr1' is not a valid user. Skipping...

2016/06/26 23:28:18 - [ERROR] 'fonsecam1' is not a valid user. Skipping...

2016/06/26 23:28:18 - [ERROR] 'fordl' is not a valid user. Skipping...

ERROR: Failed to parse Content-Range header.
2016/06/26 23:35:54 - [ERROR] Cannot upload '/mnt/Staff_fs/forgachs/AAAAAAAAA/BOARD PAID ANNUNITY 2011 2012/BOARD PAID ANNUNITY JUDY COCK.doc': File is empty.
ERROR: Failed to parse Content-Range header.
2016/06/26 23:36:16 - [ERROR] Cannot upload '/mnt/Staff_fs/forgachs/Documents/AAAAAAAAA/BOARD PAID ANNUNITY 2011 2012/BOARD PAID ANNUNITY JUDY COCK.doc': File is empty.
2016/06/26 23:38:08 - [ERROR] 'fortenerm' is not a valid user. Skipping...

ERROR: Failed to parse Content-Range header.
ERROR: Failed to parse Content-Range header.
ERROR: Failed to parse Content-Range header.
ERROR: Failed to parse Content-Range header.
ERROR: Failed to parse Content-Range header.
2016/06/26 23:40:21 - [ERROR] Cannot upload '/mnt/Staff_fs/forthc/0809 students info.doc': File is empty.
2016/06/26 23:40:21 - [ERROR] Cannot upload '/mnt/Staff_fs/forthc/08-09 teacher sched.doc': File is empty.
2016/06/26 23:40:21 - [ERROR] Cannot upload '/mnt/Staff_fs/forthc/08-09 copy.doc': File is empty.
2016/06/26 23:40:21 - [ERROR] Cannot upload '/mnt/Staff_fs/forthc/08-09 RR schedule.doc': File is empty.
2016/06/26 23:40:21 - [ERROR] Cannot upload '/mnt/Staff_fs/forthc/0809 labels.doc': File is empty.
ERROR: Failed to parse Content-Range header.
2016/06/26 23:40:24 - [ERROR] Cannot upload '/mnt/Staff_fs/forthc/2007-2008 RR.doc': File is empty.
ERROR: Failed to parse Content-Range header.
2016/06/26 23:40:25 - [ERROR] Cannot upload '/mnt/Staff_fs/forthc/20072008 RR.doc': File is empty.
ERROR: Failed to parse Content-Range header.
2016/06/26 23:40:26 - [ERROR] Cannot upload '/mnt/Staff_fs/forthc/2009 Resource Room Field .doc': File is empty.
ERROR: Failed to parse Content-Range header.
ERROR: Failed to parse Content-Range header.
2016/06/26 23:40:26 - [ERROR] Cannot upload '/mnt/Staff_fs/forthc/2009 Spring Conferences.doc': File is empty.
2016/06/26 23:40:27 - [ERROR] Cannot upload '/mnt/Staff_fs/forthc/2009 Transition IEP’s Wed.doc': File is empty.
ERROR: Failed to parse Content-Range header.
2016/06/26 23:40:28 - [ERROR] Cannot upload '/mnt/Staff_fs/forthc/3rd grade science.doc': File is empty.
ERROR: Failed to parse Content-Range header.
2016/06/26 23:40:29 - [ERROR] Cannot upload '/mnt/Staff_fs/forthc/Alexia     9.doc': File is empty.
ERROR: Failed to parse Content-Range header.
ERROR: Failed to parse Content-Range header.
2016/06/26 23:40:30 - [ERROR] Cannot upload '/mnt/Staff_fs/forthc/bad ram questions.doc': File is empty.
2016/06/26 23:40:30 - [ERROR] Cannot upload '/mnt/Staff_fs/forthc/bad ram definitions.doc': File is empty.
ERROR: Failed to parse Content-Range header.
ERROR: Failed to parse Content-Range header.
2016/06/26 23:40:31 - [ERROR] Cannot upload '/mnt/Staff_fs/forthc/bad ram sentences.doc': File is empty.
2016/06/26 23:40:31 - [ERROR] Cannot upload '/mnt/Staff_fs/forthc/Bear cub crossword.doc': File is empty.
ERROR: Failed to parse Content-Range header.
2016/06/26 23:40:31 - [ERROR] Cannot upload '/mnt/Staff_fs/forthc/Bear Cub Picture Spelling.doc': File is empty.
ERROR: Failed to parse Content-Range header.
2016/06/26 23:40:32 - [ERROR] Cannot upload '/mnt/Staff_fs/forthc/Bear cubs definitions.doc': File is empty.
ERROR: Failed to parse Content-Range header.
ERROR: Failed to parse Content-Range header.
ERROR: Failed to parse Content-Range header.
2016/06/26 23:40:32 - [ERROR] Cannot upload '/mnt/Staff_fs/forthc/Behavior Names.doc': File is empty.
2016/06/26 23:40:32 - [ERROR] Cannot upload '/mnt/Staff_fs/forthc/Behavior labels.doc': File is empty.
2016/06/26 23:40:32 - [ERROR] Cannot upload '/mnt/Staff_fs/forthc/Bear Cub questions.doc': File is empty.
ERROR: Failed to parse Content-Range header.
2016/06/26 23:40:33 - [ERROR] Cannot upload '/mnt/Staff_fs/forthc/c johnson passwords.doc': File is empty.
ERROR: Failed to parse Content-Range header.
ERROR: Failed to parse Content-Range header.
2016/06/26 23:40:36 - [ERROR] Cannot upload '/mnt/Staff_fs/forthc/cars.doc': File is empty.
2016/06/26 23:40:36 - [ERROR] Cannot upload '/mnt/Staff_fs/forthc/CASELOAD 0910.doc': File is empty.
ERROR: Failed to parse Content-Range header.
2016/06/26 23:40:39 - [ERROR] Cannot upload '/mnt/Staff_fs/forthc/cheer calendar.doc': File is empty.
ERROR: Failed to parse Content-Range header.
2016/06/26 23:40:40 - [ERROR] Cannot upload '/mnt/Staff_fs/forthc/chrissie 2-1.doc': File is empty.
ERROR: Failed to parse Content-Range header.
ERROR: Failed to parse Content-Range header.
2016/06/26 23:40:40 - [ERROR] Cannot upload '/mnt/Staff_fs/forthc/chrissie 2.doc': File is empty.
2016/06/26 23:40:40 - [ERROR] Cannot upload '/mnt/Staff_fs/forthc/chrissie 3-1.doc': File is empty.
ERROR: Failed to parse Content-Range header.
2016/06/26 23:40:41 - [ERROR] Cannot upload '/mnt/Staff_fs/forthc/chrissie 3.doc': File is empty.
ERROR: Failed to parse Content-Range header.
ERROR: Failed to parse Content-Range header.
2016/06/26 23:40:48 - [ERROR] Cannot upload '/mnt/Staff_fs/forthc/chelsea.doc': File is empty.
2016/06/26 23:40:48 - [ERROR] Cannot upload '/mnt/Staff_fs/forthc/Chrissie 1.doc': File is empty.
ERROR: Failed to parse Content-Range header.
2016/06/26 23:40:48 - [ERROR] Cannot upload '/mnt/Staff_fs/forthc/Chrissie 1-1.doc': File is empty.
ERROR: Failed to parse Content-Range header.
2016/06/26 23:40:48 - [ERROR] Cannot upload '/mnt/Staff_fs/forthc/child friendly rubric.doc': File is empty.
ERROR: Failed to parse Content-Range header.
2016/06/26 23:40:50 - [ERROR] Cannot upload '/mnt/Staff_fs/forthc/Consent.doc': File is empty.
ERROR: Failed to parse Content-Range header.
2016/06/26 23:40:50 - [ERROR] Cannot upload '/mnt/Staff_fs/forthc/cooperation prompt.doc': File is empty.
ERROR: Failed to parse Content-Range header.
ERROR: Failed to parse Content-Range header.
2016/06/26 23:40:51 - [ERROR] Cannot upload '/mnt/Staff_fs/forthc/Dairy Queen.doc': File is empty.
2016/06/26 23:40:51 - [ERROR] Cannot upload '/mnt/Staff_fs/forthc/DESK SCHEDULE.doc': File is empty.
ERROR: Failed to parse Content-Range header.
2016/06/26 23:45:54 - [ERROR] Cannot upload '/mnt/Staff_fs/forthc/Desktop/school/￼.textClipping': File is empty.
ERROR: Failed to parse Content-Range header.
2016/06/26 23:47:04 - [ERROR] Cannot upload '/mnt/Staff_fs/forthc/Documents/aaaaaaaaaa/SetFolderWritableFailed.txt': File is empty.
ERROR: Failed to parse Content-Range header.
2016/06/26 23:48:47 - [ERROR] Cannot upload '/mnt/Staff_fs/forthc/Documents/My Great Movie 1.iMovieProject/Media/Icon': File is empty.
ERROR: Failed to parse Content-Range header.
2016/06/26 23:48:48 - [ERROR] Cannot upload '/mnt/Staff_fs/forthc/Documents/My Great Movie.iMovieProject/Media/Icon': File is empty.
ERROR: Failed to parse Content-Range header.
2016/06/26 23:50:37 - [ERROR] Cannot upload '/mnt/Staff_fs/forthc/Downloads/Brandt Chart 2 12.13-1.doc': File is empty.
ERROR: Failed to parse Content-Range header.
2016/06/26 23:50:37 - [ERROR] Cannot upload '/mnt/Staff_fs/forthc/Downloads/Brandt Chart 2 12.13-2.doc': File is empty.
ERROR: Failed to parse Content-Range header.
ERROR: Failed to parse Content-Range header.
2016/06/26 23:50:38 - [ERROR] Cannot upload '/mnt/Staff_fs/forthc/Downloads/brandt chart.doc': File is empty.
2016/06/26 23:50:38 - [ERROR] Cannot upload '/mnt/Staff_fs/forthc/Downloads/Brandt Chart 2 12.13.doc': File is empty.
ERROR: Failed to parse Content-Range header.
2016/06/26 23:50:38 - [ERROR] Cannot upload '/mnt/Staff_fs/forthc/Downloads/Brooklyn check in.doc': File is empty.
ERROR: Failed to parse Content-Range header.
2016/06/26 23:50:44 - [ERROR] Cannot upload '/mnt/Staff_fs/forthc/Downloads/Dion Check in check out-1.doc': File is empty.
ERROR: Failed to parse Content-Range header.
2016/06/26 23:50:45 - [ERROR] Cannot upload '/mnt/Staff_fs/forthc/Downloads/Dion Check in check out-2.doc': File is empty.
ERROR: Failed to parse Content-Range header.
2016/06/26 23:50:45 - [ERROR] Cannot upload '/mnt/Staff_fs/forthc/Downloads/Dion Check in check out.doc': File is empty.
ERROR: Failed to parse Content-Range header.
2016/06/26 23:52:02 - [ERROR] Cannot upload '/mnt/Staff_fs/forthc/Downloads/Nicholas Kennedy chart 2-1.doc': File is empty.
ERROR: Failed to parse Content-Range header.
2016/06/26 23:52:03 - [ERROR] Cannot upload '/mnt/Staff_fs/forthc/Downloads/Nicholas Kennedy chart 2-2.doc': File is empty.
ERROR: Failed to parse Content-Range header.
2016/06/26 23:52:03 - [ERROR] Cannot upload '/mnt/Staff_fs/forthc/Downloads/Nicholas Kennedy chart 2.doc': File is empty.
ERROR: Failed to parse Content-Range header.
2016/06/26 23:53:04 - [ERROR] Cannot upload '/mnt/Staff_fs/forthc/Downloads/Zack Oates Chart-1.doc': File is empty.
ERROR: Failed to parse Content-Range header.
2016/06/26 23:53:05 - [ERROR] Cannot upload '/mnt/Staff_fs/forthc/Downloads/Zack Oates Chart-2.doc': File is empty.
ERROR: Failed to parse Content-Range header.
2016/06/26 23:53:05 - [ERROR] Cannot upload '/mnt/Staff_fs/forthc/Downloads/Zack Oates Chart-3.doc': File is empty.
ERROR: Failed to parse Content-Range header.
2016/06/26 23:53:05 - [ERROR] Cannot upload '/mnt/Staff_fs/forthc/Downloads/Zack Oates Chart.doc': File is empty.
ERROR: Failed to parse Content-Range header.
2016/06/26 23:53:07 - [ERROR] Cannot upload '/mnt/Staff_fs/forthc/Dropbox/Icon': File is empty.
ERROR: Failed to parse Content-Range header.
2016/06/26 23:53:07 - [ERROR] Cannot upload '/mnt/Staff_fs/forthc/FAST assess checklist.doc': File is empty.
ERROR: Failed to parse Content-Range header.
2016/06/26 23:53:08 - [ERROR] Cannot upload '/mnt/Staff_fs/forthc/FAST board.doc': File is empty.
ERROR: Failed to parse Content-Range header.
2016/06/26 23:53:09 - [ERROR] Cannot upload '/mnt/Staff_fs/forthc/FAST books.doc': File is empty.
ERROR: Failed to parse Content-Range header.
2016/06/26 23:53:09 - [ERROR] Cannot upload '/mnt/Staff_fs/forthc/FAST phono survey.doc': File is empty.
ERROR: Failed to parse Content-Range header.
2016/06/26 23:53:10 - [ERROR] Cannot upload '/mnt/Staff_fs/forthc/FAST reading levels.doc': File is empty.
ERROR: Failed to parse Content-Range header.
2016/06/26 23:53:11 - [ERROR] Cannot upload '/mnt/Staff_fs/forthc/field trip behavior.doc': File is empty.
ERROR: Failed to parse Content-Range header.
2016/06/26 23:53:12 - [ERROR] Cannot upload '/mnt/Staff_fs/forthc/field trip form.doc': File is empty.
ERROR: Failed to parse Content-Range header.
2016/06/26 23:53:12 - [ERROR] Cannot upload '/mnt/Staff_fs/forthc/field trip checklist.doc': File is empty.
ERROR: Failed to parse Content-Range header.
2016/06/26 23:53:12 - [ERROR] Cannot upload '/mnt/Staff_fs/forthc/field trip groups.doc': File is empty.
ERROR: Failed to parse Content-Range header.
2016/06/26 23:53:13 - [ERROR] Cannot upload '/mnt/Staff_fs/forthc/field trip teachers letter.doc': File is empty.
ERROR: Failed to parse Content-Range header.
2016/06/26 23:53:13 - [ERROR] Cannot upload '/mnt/Staff_fs/forthc/flyers.doc': File is empty.
ERROR: Failed to parse Content-Range header.
2016/06/26 23:53:14 - [ERROR] Cannot upload '/mnt/Staff_fs/forthc/For the 2nd Annual.doc': File is empty.
ERROR: Failed to parse Content-Range header.
2016/06/26 23:53:15 - [ERROR] Cannot upload '/mnt/Staff_fs/forthc/freshman accounts.doc': File is empty.
ERROR: Failed to parse Content-Range header.
2016/06/26 23:53:20 - [ERROR] Cannot upload '/mnt/Staff_fs/forthc/IEP/Extensions/Microsoft OLE Extension': File is empty.
ERROR: Failed to parse Content-Range header.
2016/06/26 23:53:26 - [ERROR] Cannot upload '/mnt/Staff_fs/forthc/IEP/Transferxxx/MoveIEPT.Tab': File is empty.
ERROR: Failed to parse Content-Range header.
2016/06/26 23:53:36 - [ERROR] Cannot upload '/mnt/Staff_fs/forthc/Library.bak.bak/Preferences/com.apple.dock.db-journal': File is empty.
ERROR: Failed to parse Content-Range header.
2016/06/26 23:53:36 - [ERROR] Cannot upload '/mnt/Staff_fs/forthc/Library.bak.bak/Preferences/QuickTime Preferences': File is empty.
ERROR: Failed to parse Content-Range header.
2016/06/26 23:53:41 - [ERROR] Cannot upload '/mnt/Staff_fs/forthc/mumps comprehension level4.doc': File is empty.
ERROR: Failed to parse Content-Range header.
2016/06/26 23:53:45 - [ERROR] Cannot upload '/mnt/Staff_fs/forthc/notice of field trip.doc': File is empty.
ERROR: Failed to parse Content-Range header.
2016/06/26 23:54:10 - [ERROR] Cannot upload '/mnt/Staff_fs/forthc/Riverside Publishing/Riverside Help/Riverside Software Help': File is empty.
ERROR: Failed to parse Content-Range header.
2016/06/26 23:54:11 - [ERROR] Cannot upload '/mnt/Staff_fs/forthc/Riverside Software/Riverside Help/Riverside Software Help': File is empty.
ERROR: Failed to parse Content-Range header.
2016/06/26 23:54:26 - [ERROR] Cannot upload '/mnt/Staff_fs/forthc/Sites/Page Title/Put Pictures Here': File is empty.
2016/06/26 23:55:58 - [ERROR] 'forthk' is not a valid user. Skipping...

2016/06/26 23:55:59 - [ERROR] 'franzb' is not a valid user. Skipping...

2016/06/26 23:56:02 - [ERROR] 'fraserc' is not a valid user. Skipping...

2016/06/26 23:56:34 - [ERROR] 'fullern' is not a valid user. Skipping...

ERROR: Failed to parse Content-Range header.
2016/06/27 00:07:37 - [ERROR] Cannot upload '/mnt/Staff_fs/furkasj/Desktop/AP History/Brinkley stuff/Exam/Updates': File is empty.
ERROR: Failed to parse Content-Range header.
2016/06/27 00:13:52 - [ERROR] Cannot upload '/mnt/Staff_fs/furkasj/Desktop/Union stuff/'02-'03 minutes/Icon_': File is empty.
ERROR: Failed to parse Content-Range header.
2016/06/27 00:28:02 - [ERROR] Cannot upload '/mnt/Staff_fs/furkasj/Documents/CLASSES/AH1/ZZ.MISC/American History I/MISC/Icon': File is empty.
Temp error userRateLimitExceeded. Backing off 16 seconds...attempt 5/10
ERROR: Failed to parse Content-Range header.
2016/06/27 01:30:52 - [ERROR] Cannot upload '/mnt/Staff_fs/furkasr/Documents/CLASSES/Hist_I/12.WWI/12.4/Icon': File is empty.
ERROR: Failed to parse Content-Range header.
2016/06/27 01:31:47 - [ERROR] Cannot upload '/mnt/Staff_fs/furkasr/Documents/CLASSES/Hist_I/15_Great Depression/15.2/Icon': File is empty.
ERROR: Failed to parse Content-Range header.
2016/06/27 01:32:55 - [ERROR] Cannot upload '/mnt/Staff_fs/furkasr/Documents/CLASSES/Hist_I/ZZ.MISC/17.0ld_ WWII/17.2/D-Day maps/Icon': File is empty.
ERROR: Failed to parse Content-Range header.
2016/06/27 01:33:26 - [ERROR] Cannot upload '/mnt/Staff_fs/furkasr/Documents/CLASSES/Hist_I/ZZ.MISC/American History I/MISC/Icon': File is empty.
ERROR: Failed to parse Content-Range header.
2016/06/27 01:41:45 - [ERROR] Cannot upload '/mnt/Staff_fs/furkasr/Documents/CLASSES/NEW_PHILO/Proof_of_God/CH 6 AM I FREE TO ACT copy/Schopenhauer/Icon': File is empty.
ERROR: Failed to parse Content-Range header.
2016/06/27 01:42:43 - [ERROR] Cannot upload '/mnt/Staff_fs/furkasr/Documents/CLASSES/US.HistI/15_Great Depression/15.2/Icon': File is empty.
ERROR: Failed to parse Content-Range header.
2016/06/27 01:43:23 - [ERROR] Cannot upload '/mnt/Staff_fs/furkasr/Documents/CLASSES/USH1/12.WWI/12.4/Icon': File is empty.
ERROR: Failed to parse Content-Range header.
2016/06/27 01:45:33 - [ERROR] Cannot upload '/mnt/Staff_fs/furkasr/Documents/CLASSES/USH1/15_Great Depression/15.2/Icon': File is empty.
ERROR: Failed to parse Content-Range header.
2016/06/27 01:46:07 - [ERROR] Cannot upload '/mnt/Staff_fs/furkasr/Documents/CLASSES/USH1/15_Great Depression/Untitled clipping.textClipping': File is empty.
ERROR: Failed to parse Content-Range header.
2016/06/27 01:47:57 - [ERROR] Cannot upload '/mnt/Staff_fs/furkasr/Documents/CLASSES/USH1/Hist_I/12.WWI/12.4/Icon': File is empty.
ERROR: Failed to parse Content-Range header.
2016/06/27 01:49:15 - [ERROR] Cannot upload '/mnt/Staff_fs/furkasr/Documents/CLASSES/USH1/Hist_I/15_Great Depression/15.2/Icon': File is empty.
Temp error userRateLimitExceeded. Backing off 16 seconds...attempt 5/10
ERROR: Failed to parse Content-Range header.
2016/06/27 02:09:53 - [ERROR] Cannot upload '/mnt/Staff_fs/furkasr/Documents/CLASSES/zold classes/American History I/CH. 10 WWI/sec 4/Icon': File is empty.
ERROR: Failed to parse Content-Range header.
2016/06/27 02:09:58 - [ERROR] Cannot upload '/mnt/Staff_fs/furkasr/Documents/CLASSES/zold classes/American History I/Ch. 12 .Depression/12.1/Icon_': File is empty.
ERROR: Failed to parse Content-Range header.
2016/06/27 02:10:18 - [ERROR] Cannot upload '/mnt/Staff_fs/furkasr/Documents/CLASSES/zold classes/American History I/Ch. 12 .Depression/Ch. 12 _Depression_/12.1/Icon_': File is empty.
ERROR: Failed to parse Content-Range header.
2016/06/27 02:11:46 - [ERROR] Cannot upload '/mnt/Staff_fs/furkasr/Documents/CLASSES/zold classes/American History I/MISC/Icon': File is empty.
ERROR: Failed to parse Content-Range header.
2016/06/27 02:13:03 - [ERROR] Cannot upload '/mnt/Staff_fs/furkasr/Documents/CLASSES/zold classes/American History II/Pathways Modern Pres Pro': File is empty.
ERROR: Failed to parse Content-Range header.
2016/06/27 02:13:28 - [ERROR] Cannot upload '/mnt/Staff_fs/furkasr/Documents/CLASSES/zold classes/exam view. gov/ExamView/DesktopPrinters DB': File is empty.
ERROR: Failed to parse Content-Range header.
2016/06/27 02:13:29 - [ERROR] Cannot upload '/mnt/Staff_fs/furkasr/Documents/CLASSES/zold classes/exam view. gov/ExamView/Icon': File is empty.
ERROR: Failed to parse Content-Range header.
2016/06/27 02:14:48 - [ERROR] Cannot upload '/mnt/Staff_fs/furkasr/Documents/CLASSES/zold classes/GOVERNMENT/first foler/chapter 13_14 president/chapter 13_14 tests/Icon_': File is empty.
ERROR: Failed to parse Content-Range header.
2016/06/27 02:15:45 - [ERROR] Cannot upload '/mnt/Staff_fs/furkasr/Documents/CLASSES/zold classes/philosophy/CH 1 WHAT IS PHILOSOPHY/1.3 Royce/Icon': File is empty.
ERROR: Failed to parse Content-Range header.
2016/06/27 02:16:03 - [ERROR] Cannot upload '/mnt/Staff_fs/furkasr/Documents/CLASSES/zold classes/philosophy/CH 3 Can I Know My Self/3.4  Freud/Icon': File is empty.
ERROR: Failed to parse Content-Range header.
2016/06/27 02:16:05 - [ERROR] Cannot upload '/mnt/Staff_fs/furkasr/Documents/CLASSES/zold classes/philosophy/CH 3 Can I Know My Self/3.5  Buber/Icon': File is empty.
ERROR: Failed to parse Content-Range header.
2016/06/27 02:17:04 - [ERROR] Cannot upload '/mnt/Staff_fs/furkasr/Documents/CLASSES/zold classes/philosophy/CH 5 What Is Truth/Ayer/Icon': File is empty.
ERROR: Failed to parse Content-Range header.
2016/06/27 02:17:05 - [ERROR] Cannot upload '/mnt/Staff_fs/furkasr/Documents/CLASSES/zold classes/philosophy/CH 5 What Is Truth/Plato/Icon': File is empty.
ERROR: Failed to parse Content-Range header.
2016/06/27 02:17:07 - [ERROR] Cannot upload '/mnt/Staff_fs/furkasr/Documents/CLASSES/zold classes/philosophy/CH 5 What Is Truth/zend of chapter stuff/Icon': File is empty.
ERROR: Failed to parse Content-Range header.
2016/06/27 02:19:44 - [ERROR] Cannot upload '/mnt/Staff_fs/furkasr/Documents/grad classes/GENDER/COPY OF PROJECT/project.rsrc copy': File is empty.
ERROR: Failed to parse Content-Range header.
2016/06/27 02:19:53 - [ERROR] Cannot upload '/mnt/Staff_fs/furkasr/Documents/grad classes/GENDER/PROJECT FOR SOFD/COPY OF PORJECT/project.rsrc copy': File is empty.
ERROR: Failed to parse Content-Range header.
2016/06/27 02:20:04 - [ERROR] Cannot upload '/mnt/Staff_fs/furkasr/Documents/grad classes/GENDER/PROJECT FOR SOFD/project.rsrc': File is empty.
ERROR: Failed to parse Content-Range header.
2016/06/27 02:24:19 - [ERROR] Cannot upload '/mnt/Staff_fs/furkasr/Dropbox/Camera Uploads/Icon': File is empty.
ERROR: Failed to parse Content-Range header.
2016/06/27 02:24:20 - [ERROR] Cannot upload '/mnt/Staff_fs/furkasr/Dropbox/Icon': File is empty.
ERROR: Failed to parse Content-Range header.
2016/06/27 02:31:17 - [ERROR] Cannot upload '/mnt/Staff_fs/furkasr/Dropbox/Public/Icon': File is empty.

Files indexed: 49773, files uploaded: 49615
Files that differ:
08_09_copy.doc
08_09_labels.doc
08_09_RR_schedule.doc
08_09_students_info.doc
08_09_teacher_sched.doc
2007_2008_RR.doc
2007_2008_RR.doc
2009_Resource_Room_Field_.doc
2009_Spring_Conferences.doc
2009_Transition_IEP_s_Wed.doc
3rd_grade_science.doc
Alexia_9.doc
bad_ram_definitions.doc
bad_ram_questions.doc
bad_ram_sentences.doc
Bear_cub_crossword.doc
Bear_Cub_Picture_Spelling.doc
Bear_Cub_questions.doc
Bear_cubs_definitions.doc
Behavior_labels.doc
Behavior_Names.doc
BOARD_PAID_ANNUNITY_JUDY_COCK.doc
BOARD_PAID_ANNUNITY_JUDY_COCK.doc
Brandt_Chart_2_12.13_1.doc
Brandt_Chart_2_12.13_2.doc
Brandt_Chart_2_12.13.doc
brandt_chart.doc
Brooklyn_check_in.doc
cars.doc
CASELOAD_09_10.doc
cheer_calendar.doc
chelsea.doc
child_friendly_rubric.doc
child_labor
Chrissie_1_1.doc
Chrissie_1.doc
chrissie_2_1.doc
chrissie_2.doc
chrissie_3_1.doc
chrissie_3.doc
c_johnson_passwords.doc
com.apple.dock.db_journal
Consent.doc
cooperation_prompt.doc
Dairy_Queen.doc
Default.rdp
Default.rdp
Default.rdp
Default.rdp
Default.rdp
Default.rdp
DESK_SCHEDULE.doc
Desktop_Folder
desktop.ini
desktop.ini
desktop.ini
DesktopPrinters_DB
Dion_Check_in_check_out_1.doc
Dion_Check_in_check_out_2.doc
Dion_Check_in_check_out.doc
dsqe.1w3_.doc
Experiment
FAST_assess_checklist.doc
FAST_board.doc
FAST_books.doc
FAST_phono_survey.doc
FAST_reading_levels.doc
field_trip_behavior.doc
field_trip_checklist.doc
field_trip_form.doc
field_trip_groups.doc
field_trip_teachers_letter.doc
flyers.doc
For_the_2nd_Annual.doc
freshman_accounts.doc
GRG
Group_Shared_
honor_roll
http_mea.learnportals.com.webloc
Icon_
Icon_
Icon_
Icon_
Icon_
Icon_
Icon_
Icon_
Icon_
Icon_
Icon_
Icon_
Icon_
Icon_
Icon_
Icon_
Icon_
Icon_
Icon_
Icon_
Icon_
Icon_
Icon_
Icon_
Icon_
Icon_
Icon_
Icon_
Icon_
Icon_
Icon_
Icon_
Icon_
Icon_
illustrate.doc
Installer
Kopp2012Show.m4v
Macintosh_HD
mary_card
MEMO_Amendments.doc
MEMO_Amendments.doc
MEMO_Amendments.doc
MEMO_Amendments.doc
MEMO_Amendments.doc
MEMO_Amendments.doc
Microsoft_OLE_Extension
MoveIEPT.Tab
mumps_comprehension_level4.doc
My_Amazing_Human_Body
My_Amazing_Human_Body
Nicholas_Kennedy_chart_2_1.doc
Nicholas_Kennedy_chart_2_2.doc
Nicholas_Kennedy_chart_2.doc
notice_of_field_trip.doc
pablo_picasso
Pathways_Modern_Pres_Pro
project.rsrc
project.rsrc_copy
project.rsrc_copy
Put_Pictures_Here
Quick_Draw_Write_2nd_Grade.doc
QuickTime_Preferences
Riverside_Software_Help
Riverside_Software_Help
Sentinel
SetFolderWritableFailed.txt
SetFolderWritableFailed.txt
Shared_Documents
Shared_Documents
Shared_Documents
_.textClipping
Untitled_clipping.textClipping
Untitled_clipping.textClipping
Updates
Word_Work_File_D_
Zack_Oates_Chart_1.doc
Zack_Oates_Chart_2.doc
Zack_Oates_Chart_3.doc
Zack_Oates_Chart.doc


    155 Cannot upload ***: File is empty.
      1 Cannot upload ***: Unknown error. File possibly is locked.
      6 *** is a file, skipping...
     15 *** is not a valid user. Skipping...
